[29-Jun-2018 09:25:38 UTC] PHP Warning:  PHP Startup: Unable to load dynamic library 'php_imagick.dll' (tried: ext\php_imagick.dll (Не найден указанный модуль.), ext\php_php_imagick.dll.dll (Не найден указанный модуль.)) in Unknown on line 0
[29-Jun-2018 09:25:39 UTC] PHP Warning:  PHP Startup: Unable to load dynamic library 'php_oci8_12c.dll' (tried: ext\php_oci8_12c.dll (Не найден указанный модуль.), ext\php_php_oci8_12c.dll.dll (Не найден указанный модуль.)) in Unknown on line 0
[29-Jun-2018 09:25:39 UTC] PHP Warning:  PHP Startup: Unable to load dynamic library 'php_pdflib.dll' (tried: ext\php_pdflib.dll (Не найден указанный модуль.), ext\php_php_pdflib.dll.dll (Не найден указанный модуль.)) in Unknown on line 0
[29-Jun-2018 09:25:39 UTC] PHP Warning:  PHP Startup: Unable to load dynamic library 'php_pdo_oci.dll' (tried: ext\php_pdo_oci.dll (Не найден указанный модуль.), ext\php_php_pdo_oci.dll.dll (Не найден указанный модуль.)) in Unknown on line 0
[29-Jun-2018 09:25:40 UTC] PHP Warning:  PHP Startup: Unable to load dynamic library 'php_wincache.dll' (tried: ext\php_wincache.dll (Не найден указанный модуль.), ext\php_php_wincache.dll.dll (Не найден указанный модуль.)) in Unknown on line 0
[29-Jun-2018 11:25:41 Europe/Amsterdam] PHP Warning:  require(C:\nginx\public_html\stable/vendor/autoload.php): failed to open stream: No such file or directory in C:\nginx\public_html\stable\artisan on line 18
[29-Jun-2018 11:25:41 Europe/Amsterdam] PHP Stack trace:
[29-Jun-2018 11:25:41 Europe/Amsterdam] PHP   1. {main}() C:\nginx\public_html\stable\artisan:0
[29-Jun-2018 11:25:41 Europe/Amsterdam] PHP Fatal error:  require(): Failed opening required 'C:\nginx\public_html\stable/vendor/autoload.php' (include_path='.;C:\php\pear') in C:\nginx\public_html\stable\artisan on line 18
[29-Jun-2018 11:25:41 Europe/Amsterdam] PHP Stack trace:
[29-Jun-2018 11:25:41 Europe/Amsterdam] PHP   1. {main}() C:\nginx\public_html\stable\artisan:0
[29-Jun-2018 09:25:51 UTC] PHP Warning:  PHP Startup: Unable to load dynamic library 'php_imagick.dll' (tried: ext\php_imagick.dll (Не найден указанный модуль.), ext\php_php_imagick.dll.dll (Не найден указанный модуль.)) in Unknown on line 0
[29-Jun-2018 09:25:51 UTC] PHP Warning:  PHP Startup: Unable to load dynamic library 'php_oci8_12c.dll' (tried: ext\php_oci8_12c.dll (Не найден указанный модуль.), ext\php_php_oci8_12c.dll.dll (Не найден указанный модуль.)) in Unknown on line 0
[29-Jun-2018 09:25:51 UTC] PHP Warning:  PHP Startup: Unable to load dynamic library 'php_pdflib.dll' (tried: ext\php_pdflib.dll (Не найден указанный модуль.), ext\php_php_pdflib.dll.dll (Не найден указанный модуль.)) in Unknown on line 0
[29-Jun-2018 09:25:51 UTC] PHP Warning:  PHP Startup: Unable to load dynamic library 'php_pdo_oci.dll' (tried: ext\php_pdo_oci.dll (Не найден указанный модуль.), ext\php_php_pdo_oci.dll.dll (Не найден указанный модуль.)) in Unknown on line 0
[29-Jun-2018 09:25:51 UTC] PHP Warning:  PHP Startup: Unable to load dynamic library 'php_wincache.dll' (tried: ext\php_wincache.dll (Не найден указанный модуль.), ext\php_php_wincache.dll.dll (Не найден указанный модуль.)) in Unknown on line 0
[29-Jun-2018 11:25:52 Europe/Amsterdam] PHP Warning:  require(C:\nginx\public_html\stable/vendor/autoload.php): failed to open stream: No such file or directory in C:\nginx\public_html\stable\artisan on line 18
[29-Jun-2018 11:25:52 Europe/Amsterdam] PHP Stack trace:
[29-Jun-2018 11:25:52 Europe/Amsterdam] PHP   1. {main}() C:\nginx\public_html\stable\artisan:0
[29-Jun-2018 11:25:52 Europe/Amsterdam] PHP Fatal error:  require(): Failed opening required 'C:\nginx\public_html\stable/vendor/autoload.php' (include_path='.;C:\php\pear') in C:\nginx\public_html\stable\artisan on line 18
[29-Jun-2018 11:25:52 Europe/Amsterdam] PHP Stack trace:
[29-Jun-2018 11:25:52 Europe/Amsterdam] PHP   1. {main}() C:\nginx\public_html\stable\artisan:0
[29-Jun-2018 09:26:23 UTC] PHP Warning:  PHP Startup: Unable to load dynamic library 'php_imagick.dll' (tried: ext\php_imagick.dll (Не найден указанный модуль.), ext\php_php_imagick.dll.dll (Не найден указанный модуль.)) in Unknown on line 0
[29-Jun-2018 09:26:23 UTC] PHP Warning:  PHP Startup: Unable to load dynamic library 'php_oci8_12c.dll' (tried: ext\php_oci8_12c.dll (Не найден указанный модуль.), ext\php_php_oci8_12c.dll.dll (Не найден указанный модуль.)) in Unknown on line 0
[29-Jun-2018 09:26:23 UTC] PHP Warning:  PHP Startup: Unable to load dynamic library 'php_pdflib.dll' (tried: ext\php_pdflib.dll (Не найден указанный модуль.), ext\php_php_pdflib.dll.dll (Не найден указанный модуль.)) in Unknown on line 0
[29-Jun-2018 09:26:23 UTC] PHP Warning:  PHP Startup: Unable to load dynamic library 'php_pdo_oci.dll' (tried: ext\php_pdo_oci.dll (Не найден указанный модуль.), ext\php_php_pdo_oci.dll.dll (Не найден указанный модуль.)) in Unknown on line 0
[29-Jun-2018 09:26:23 UTC] PHP Warning:  PHP Startup: Unable to load dynamic library 'php_wincache.dll' (tried: ext\php_wincache.dll (Не найден указанный модуль.), ext\php_php_wincache.dll.dll (Не найден указанный модуль.)) in Unknown on line 0
[29-Jun-2018 11:26:24 Europe/Amsterdam] PHP Warning:  require(C:\nginx\public_html\stable/vendor/autoload.php): failed to open stream: No such file or directory in C:\nginx\public_html\stable\artisan on line 18
[29-Jun-2018 11:26:24 Europe/Amsterdam] PHP Stack trace:
[29-Jun-2018 11:26:24 Europe/Amsterdam] PHP   1. {main}() C:\nginx\public_html\stable\artisan:0
[29-Jun-2018 11:26:24 Europe/Amsterdam] PHP Fatal error:  require(): Failed opening required 'C:\nginx\public_html\stable/vendor/autoload.php' (include_path='.;C:\php\pear') in C:\nginx\public_html\stable\artisan on line 18
[29-Jun-2018 11:26:24 Europe/Amsterdam] PHP Stack trace:
[29-Jun-2018 11:26:24 Europe/Amsterdam] PHP   1. {main}() C:\nginx\public_html\stable\artisan:0
[29-Jun-2018 09:26:38 UTC] PHP Warning:  PHP Startup: Unable to load dynamic library 'php_imagick.dll' (tried: ext\php_imagick.dll (Не найден указанный модуль.), ext\php_php_imagick.dll.dll (Не найден указанный модуль.)) in Unknown on line 0
[29-Jun-2018 09:26:38 UTC] PHP Warning:  PHP Startup: Unable to load dynamic library 'php_oci8_12c.dll' (tried: ext\php_oci8_12c.dll (Не найден указанный модуль.), ext\php_php_oci8_12c.dll.dll (Не найден указанный модуль.)) in Unknown on line 0
[29-Jun-2018 09:26:38 UTC] PHP Warning:  PHP Startup: Unable to load dynamic library 'php_pdflib.dll' (tried: ext\php_pdflib.dll (Не найден указанный модуль.), ext\php_php_pdflib.dll.dll (Не найден указанный модуль.)) in Unknown on line 0
[29-Jun-2018 09:26:38 UTC] PHP Warning:  PHP Startup: Unable to load dynamic library 'php_pdo_oci.dll' (tried: ext\php_pdo_oci.dll (Не найден указанный модуль.), ext\php_php_pdo_oci.dll.dll (Не найден указанный модуль.)) in Unknown on line 0
[29-Jun-2018 09:26:38 UTC] PHP Warning:  PHP Startup: Unable to load dynamic library 'php_wincache.dll' (tried: ext\php_wincache.dll (Не найден указанный модуль.), ext\php_php_wincache.dll.dll (Не найден указанный модуль.)) in Unknown on line 0
[29-Jun-2018 11:26:39 Europe/Amsterdam] PHP Warning:  require(C:\nginx\public_html\stable/vendor/autoload.php): failed to open stream: No such file or directory in C:\nginx\public_html\stable\artisan on line 18
[29-Jun-2018 11:26:39 Europe/Amsterdam] PHP Stack trace:
[29-Jun-2018 11:26:39 Europe/Amsterdam] PHP   1. {main}() C:\nginx\public_html\stable\artisan:0
[29-Jun-2018 11:26:39 Europe/Amsterdam] PHP Fatal error:  require(): Failed opening required 'C:\nginx\public_html\stable/vendor/autoload.php' (include_path='.;C:\php\pear') in C:\nginx\public_html\stable\artisan on line 18
[29-Jun-2018 11:26:39 Europe/Amsterdam] PHP Stack trace:
[29-Jun-2018 11:26:39 Europe/Amsterdam] PHP   1. {main}() C:\nginx\public_html\stable\artisan:0
[29-Jun-2018 09:28:08 UTC] PHP Warning:  PHP Startup: Unable to load dynamic library 'php_imagick.dll' (tried: ext\php_imagick.dll (Не найден указанный модуль.), ext\php_php_imagick.dll.dll (Не найден указанный модуль.)) in Unknown on line 0
[29-Jun-2018 09:28:08 UTC] PHP Warning:  PHP Startup: Unable to load dynamic library 'php_oci8_12c.dll' (tried: ext\php_oci8_12c.dll (Не найден указанный модуль.), ext\php_php_oci8_12c.dll.dll (Не найден указанный модуль.)) in Unknown on line 0
[29-Jun-2018 09:28:08 UTC] PHP Warning:  PHP Startup: Unable to load dynamic library 'php_pdflib.dll' (tried: ext\php_pdflib.dll (Не найден указанный модуль.), ext\php_php_pdflib.dll.dll (Не найден указанный модуль.)) in Unknown on line 0
[29-Jun-2018 09:28:08 UTC] PHP Warning:  PHP Startup: Unable to load dynamic library 'php_pdo_oci.dll' (tried: ext\php_pdo_oci.dll (Не найден указанный модуль.), ext\php_php_pdo_oci.dll.dll (Не найден указанный модуль.)) in Unknown on line 0
[29-Jun-2018 09:28:08 UTC] PHP Warning:  PHP Startup: Unable to load dynamic library 'php_wincache.dll' (tried: ext\php_wincache.dll (Не найден указанный модуль.), ext\php_php_wincache.dll.dll (Не найден указанный модуль.)) in Unknown on line 0
[29-Jun-2018 11:28:09 Europe/Amsterdam] PHP Warning:  require(C:\nginx\public_html\stable/vendor/autoload.php): failed to open stream: No such file or directory in C:\nginx\public_html\stable\artisan on line 18
[29-Jun-2018 11:28:09 Europe/Amsterdam] PHP Stack trace:
[29-Jun-2018 11:28:09 Europe/Amsterdam] PHP   1. {main}() C:\nginx\public_html\stable\artisan:0
[29-Jun-2018 11:28:09 Europe/Amsterdam] PHP Fatal error:  require(): Failed opening required 'C:\nginx\public_html\stable/vendor/autoload.php' (include_path='.;C:\php\pear') in C:\nginx\public_html\stable\artisan on line 18
[29-Jun-2018 11:28:09 Europe/Amsterdam] PHP Stack trace:
[29-Jun-2018 11:28:09 Europe/Amsterdam] PHP   1. {main}() C:\nginx\public_html\stable\artisan:0
[29-Jun-2018 09:30:57 UTC] PHP Warning:  PHP Startup: Unable to load dynamic library 'php_imagick.dll' (tried: ext\php_imagick.dll (Не найден указанный модуль.), ext\php_php_imagick.dll.dll (Не найден указанный модуль.)) in Unknown on line 0
[29-Jun-2018 09:30:57 UTC] PHP Warning:  PHP Startup: Unable to load dynamic library 'php_oci8_12c.dll' (tried: ext\php_oci8_12c.dll (Не найден указанный модуль.), ext\php_php_oci8_12c.dll.dll (Не найден указанный модуль.)) in Unknown on line 0
[29-Jun-2018 09:30:57 UTC] PHP Warning:  PHP Startup: Unable to load dynamic library 'php_pdflib.dll' (tried: ext\php_pdflib.dll (Не найден указанный модуль.), ext\php_php_pdflib.dll.dll (Не найден указанный модуль.)) in Unknown on line 0
[29-Jun-2018 09:30:57 UTC] PHP Warning:  PHP Startup: Unable to load dynamic library 'php_pdo_oci.dll' (tried: ext\php_pdo_oci.dll (Не найден указанный модуль.), ext\php_php_pdo_oci.dll.dll (Не найден указанный модуль.)) in Unknown on line 0
[29-Jun-2018 09:30:57 UTC] PHP Warning:  PHP Startup: Unable to load dynamic library 'php_wincache.dll' (tried: ext\php_wincache.dll (Не найден указанный модуль.), ext\php_php_wincache.dll.dll (Не найден указанный модуль.)) in Unknown on line 0
[29-Jun-2018 09:30:58 UTC] PHP Warning:  PHP Startup: Unable to load dynamic library 'php_imagick.dll' (tried: ext\php_imagick.dll (Не найден указанный модуль.), ext\php_php_imagick.dll.dll (Не найден указанный модуль.)) in Unknown on line 0
[29-Jun-2018 09:30:58 UTC] PHP Warning:  PHP Startup: Unable to load dynamic library 'php_oci8_12c.dll' (tried: ext\php_oci8_12c.dll (Не найден указанный модуль.), ext\php_php_oci8_12c.dll.dll (Не найден указанный модуль.)) in Unknown on line 0
[29-Jun-2018 09:30:58 UTC] PHP Warning:  PHP Startup: Unable to load dynamic library 'php_pdflib.dll' (tried: ext\php_pdflib.dll (Не найден указанный модуль.), ext\php_php_pdflib.dll.dll (Не найден указанный модуль.)) in Unknown on line 0
[29-Jun-2018 09:30:58 UTC] PHP Warning:  PHP Startup: Unable to load dynamic library 'php_pdo_oci.dll' (tried: ext\php_pdo_oci.dll (Не найден указанный модуль.), ext\php_php_pdo_oci.dll.dll (Не найден указанный модуль.)) in Unknown on line 0
[29-Jun-2018 09:30:58 UTC] PHP Warning:  PHP Startup: Unable to load dynamic library 'php_wincache.dll' (tried: ext\php_wincache.dll (Не найден указанный модуль.), ext\php_php_wincache.dll.dll (Не найден указанный модуль.)) in Unknown on line 0
[29-Jun-2018 09:32:25 UTC] PHP Warning:  PHP Startup: Unable to load dynamic library 'php_imagick.dll' (tried: ext\php_imagick.dll (Не найден указанный модуль.), ext\php_php_imagick.dll.dll (Не найден указанный модуль.)) in Unknown on line 0
[29-Jun-2018 09:32:25 UTC] PHP Warning:  PHP Startup: Unable to load dynamic library 'php_oci8_12c.dll' (tried: ext\php_oci8_12c.dll (Не найден указанный модуль.), ext\php_php_oci8_12c.dll.dll (Не найден указанный модуль.)) in Unknown on line 0
[29-Jun-2018 09:32:25 UTC] PHP Warning:  PHP Startup: Unable to load dynamic library 'php_pdflib.dll' (tried: ext\php_pdflib.dll (Не найден указанный модуль.), ext\php_php_pdflib.dll.dll (Не найден указанный модуль.)) in Unknown on line 0
[29-Jun-2018 09:32:25 UTC] PHP Warning:  PHP Startup: Unable to load dynamic library 'php_pdo_oci.dll' (tried: ext\php_pdo_oci.dll (Не найден указанный модуль.), ext\php_php_pdo_oci.dll.dll (Не найден указанный модуль.)) in Unknown on line 0
[29-Jun-2018 09:32:25 UTC] PHP Warning:  PHP Startup: Unable to load dynamic library 'php_wincache.dll' (tried: ext\php_wincache.dll (Не найден указанный модуль.), ext\php_php_wincache.dll.dll (Не найден указанный модуль.)) in Unknown on line 0
[29-Jun-2018 09:32:40 UTC] PHP Warning:  PHP Startup: Unable to load dynamic library 'php_imagick.dll' (tried: ext\php_imagick.dll (Не найден указанный модуль.), ext\php_php_imagick.dll.dll (Не найден указанный модуль.)) in Unknown on line 0
[29-Jun-2018 09:32:40 UTC] PHP Warning:  PHP Startup: Unable to load dynamic library 'php_oci8_12c.dll' (tried: ext\php_oci8_12c.dll (Не найден указанный модуль.), ext\php_php_oci8_12c.dll.dll (Не найден указанный модуль.)) in Unknown on line 0
[29-Jun-2018 09:32:40 UTC] PHP Warning:  PHP Startup: Unable to load dynamic library 'php_pdflib.dll' (tried: ext\php_pdflib.dll (Не найден указанный модуль.), ext\php_php_pdflib.dll.dll (Не найден указанный модуль.)) in Unknown on line 0
[29-Jun-2018 09:32:40 UTC] PHP Warning:  PHP Startup: Unable to load dynamic library 'php_pdo_oci.dll' (tried: ext\php_pdo_oci.dll (Не найден указанный модуль.), ext\php_php_pdo_oci.dll.dll (Не найден указанный модуль.)) in Unknown on line 0
[29-Jun-2018 09:32:40 UTC] PHP Warning:  PHP Startup: Unable to load dynamic library 'php_wincache.dll' (tried: ext\php_wincache.dll (Не найден указанный модуль.), ext\php_php_wincache.dll.dll (Не найден указанный модуль.)) in Unknown on line 0
[29-Jun-2018 09:32:44 UTC] PHP Warning:  PHP Startup: Unable to load dynamic library 'php_imagick.dll' (tried: ext\php_imagick.dll (Не найден указанный модуль.), ext\php_php_imagick.dll.dll (Не найден указанный модуль.)) in Unknown on line 0
[29-Jun-2018 09:32:44 UTC] PHP Warning:  PHP Startup: Unable to load dynamic library 'php_oci8_12c.dll' (tried: ext\php_oci8_12c.dll (Не найден указанный модуль.), ext\php_php_oci8_12c.dll.dll (Не найден указанный модуль.)) in Unknown on line 0
[29-Jun-2018 09:32:44 UTC] PHP Warning:  PHP Startup: Unable to load dynamic library 'php_pdflib.dll' (tried: ext\php_pdflib.dll (Не найден указанный модуль.), ext\php_php_pdflib.dll.dll (Не найден указанный модуль.)) in Unknown on line 0
[29-Jun-2018 09:32:44 UTC] PHP Warning:  PHP Startup: Unable to load dynamic library 'php_pdo_oci.dll' (tried: ext\php_pdo_oci.dll (Не найден указанный модуль.), ext\php_php_pdo_oci.dll.dll (Не найден указанный модуль.)) in Unknown on line 0
[29-Jun-2018 09:32:44 UTC] PHP Warning:  PHP Startup: Unable to load dynamic library 'php_wincache.dll' (tried: ext\php_wincache.dll (Не найден указанный модуль.), ext\php_php_wincache.dll.dll (Не найден указанный модуль.)) in Unknown on line 0
[29-Jun-2018 09:33:58 UTC] PHP Warning:  PHP Startup: Unable to load dynamic library 'php_imagick.dll' (tried: ext\php_imagick.dll (Не найден указанный модуль.), ext\php_php_imagick.dll.dll (Не найден указанный модуль.)) in Unknown on line 0
[29-Jun-2018 09:33:58 UTC] PHP Warning:  PHP Startup: Unable to load dynamic library 'php_oci8_12c.dll' (tried: ext\php_oci8_12c.dll (Не найден указанный модуль.), ext\php_php_oci8_12c.dll.dll (Не найден указанный модуль.)) in Unknown on line 0
[29-Jun-2018 09:33:58 UTC] PHP Warning:  PHP Startup: Unable to load dynamic library 'php_pdflib.dll' (tried: ext\php_pdflib.dll (Не найден указанный модуль.), ext\php_php_pdflib.dll.dll (Не найден указанный модуль.)) in Unknown on line 0
[29-Jun-2018 09:33:58 UTC] PHP Warning:  PHP Startup: Unable to load dynamic library 'php_pdo_oci.dll' (tried: ext\php_pdo_oci.dll (Не найден указанный модуль.), ext\php_php_pdo_oci.dll.dll (Не найден указанный модуль.)) in Unknown on line 0
[29-Jun-2018 09:33:58 UTC] PHP Warning:  PHP Startup: Unable to load dynamic library 'php_wincache.dll' (tried: ext\php_wincache.dll (Не найден указанный модуль.), ext\php_php_wincache.dll.dll (Не найден указанный модуль.)) in Unknown on line 0
[29-Jun-2018 12:11:11 UTC] PHP Warning:  PHP Startup: Unable to load dynamic library 'php_imagick.dll' (tried: ext\php_imagick.dll (Не найден указанный модуль.), ext\php_php_imagick.dll.dll (Не найден указанный модуль.)) in Unknown on line 0
[29-Jun-2018 12:11:11 UTC] PHP Warning:  PHP Startup: Unable to load dynamic library 'php_oci8_12c.dll' (tried: ext\php_oci8_12c.dll (Не найден указанный модуль.), ext\php_php_oci8_12c.dll.dll (Не найден указанный модуль.)) in Unknown on line 0
[29-Jun-2018 12:11:11 UTC] PHP Warning:  PHP Startup: Unable to load dynamic library 'php_pdflib.dll' (tried: ext\php_pdflib.dll (Не найден указанный модуль.), ext\php_php_pdflib.dll.dll (Не найден указанный модуль.)) in Unknown on line 0
[29-Jun-2018 12:11:11 UTC] PHP Warning:  PHP Startup: Unable to load dynamic library 'php_pdo_oci.dll' (tried: ext\php_pdo_oci.dll (Не найден указанный модуль.), ext\php_php_pdo_oci.dll.dll (Не найден указанный модуль.)) in Unknown on line 0
[29-Jun-2018 12:11:11 UTC] PHP Warning:  PHP Startup: Unable to load dynamic library 'php_wincache.dll' (tried: ext\php_wincache.dll (Не найден указанный модуль.), ext\php_php_wincache.dll.dll (Не найден указанный модуль.)) in Unknown on line 0
[29-Jun-2018 13:27:21 UTC] PHP Warning:  PHP Startup: Unable to load dynamic library 'php_imagick.dll' (tried: ext\php_imagick.dll (Не найден указанный модуль.), ext\php_php_imagick.dll.dll (Не найден указанный модуль.)) in Unknown on line 0
[29-Jun-2018 13:27:21 UTC] PHP Warning:  PHP Startup: Unable to load dynamic library 'php_oci8_12c.dll' (tried: ext\php_oci8_12c.dll (Не найден указанный модуль.), ext\php_php_oci8_12c.dll.dll (Не найден указанный модуль.)) in Unknown on line 0
[29-Jun-2018 13:27:21 UTC] PHP Warning:  PHP Startup: Unable to load dynamic library 'php_pdflib.dll' (tried: ext\php_pdflib.dll (Не найден указанный модуль.), ext\php_php_pdflib.dll.dll (Не найден указанный модуль.)) in Unknown on line 0
[29-Jun-2018 13:27:21 UTC] PHP Warning:  PHP Startup: Unable to load dynamic library 'php_pdo_oci.dll' (tried: ext\php_pdo_oci.dll (Не найден указанный модуль.), ext\php_php_pdo_oci.dll.dll (Не найден указанный модуль.)) in Unknown on line 0
[29-Jun-2018 13:27:21 UTC] PHP Warning:  PHP Startup: Unable to load dynamic library 'php_wincache.dll' (tried: ext\php_wincache.dll (Не найден указанный модуль.), ext\php_php_wincache.dll.dll (Не найден указанный модуль.)) in Unknown on line 0
[29-Jun-2018 13:27:59 UTC] PHP Warning:  PHP Startup: Unable to load dynamic library 'php_imagick.dll' (tried: ext\php_imagick.dll (Не найден указанный модуль.), ext\php_php_imagick.dll.dll (Не найден указанный модуль.)) in Unknown on line 0
[29-Jun-2018 13:27:59 UTC] PHP Warning:  PHP Startup: Unable to load dynamic library 'php_oci8_12c.dll' (tried: ext\php_oci8_12c.dll (Не найден указанный модуль.), ext\php_php_oci8_12c.dll.dll (Не найден указанный модуль.)) in Unknown on line 0
[29-Jun-2018 13:27:59 UTC] PHP Warning:  PHP Startup: Unable to load dynamic library 'php_pdflib.dll' (tried: ext\php_pdflib.dll (Не найден указанный модуль.), ext\php_php_pdflib.dll.dll (Не найден указанный модуль.)) in Unknown on line 0
[29-Jun-2018 13:27:59 UTC] PHP Warning:  PHP Startup: Unable to load dynamic library 'php_pdo_oci.dll' (tried: ext\php_pdo_oci.dll (Не найден указанный модуль.), ext\php_php_pdo_oci.dll.dll (Не найден указанный модуль.)) in Unknown on line 0
[29-Jun-2018 13:27:59 UTC] PHP Warning:  PHP Startup: Unable to load dynamic library 'php_wincache.dll' (tried: ext\php_wincache.dll (Не найден указанный модуль.), ext\php_php_wincache.dll.dll (Не найден указанный модуль.)) in Unknown on line 0
[29-Jun-2018 13:28:04 UTC] PHP Warning:  PHP Startup: Unable to load dynamic library 'php_imagick.dll' (tried: ext\php_imagick.dll (Не найден указанный модуль.), ext\php_php_imagick.dll.dll (Не найден указанный модуль.)) in Unknown on line 0
[29-Jun-2018 13:28:04 UTC] PHP Warning:  PHP Startup: Unable to load dynamic library 'php_oci8_12c.dll' (tried: ext\php_oci8_12c.dll (Не найден указанный модуль.), ext\php_php_oci8_12c.dll.dll (Не найден указанный модуль.)) in Unknown on line 0
[29-Jun-2018 13:28:04 UTC] PHP Warning:  PHP Startup: Unable to load dynamic library 'php_pdflib.dll' (tried: ext\php_pdflib.dll (Не найден указанный модуль.), ext\php_php_pdflib.dll.dll (Не найден указанный модуль.)) in Unknown on line 0
[29-Jun-2018 13:28:04 UTC] PHP Warning:  PHP Startup: Unable to load dynamic library 'php_pdo_oci.dll' (tried: ext\php_pdo_oci.dll (Не найден указанный модуль.), ext\php_php_pdo_oci.dll.dll (Не найден указанный модуль.)) in Unknown on line 0
[29-Jun-2018 13:28:04 UTC] PHP Warning:  PHP Startup: Unable to load dynamic library 'php_wincache.dll' (tried: ext\php_wincache.dll (Не найден указанный модуль.), ext\php_php_wincache.dll.dll (Не найден указанный модуль.)) in Unknown on line 0
[29-Jun-2018 13:31:26 UTC] PHP Warning:  PHP Startup: Unable to load dynamic library 'php_imagick.dll' (tried: ext\php_imagick.dll (Не найден указанный модуль.), ext\php_php_imagick.dll.dll (Не найден указанный модуль.)) in Unknown on line 0
[29-Jun-2018 13:31:26 UTC] PHP Warning:  PHP Startup: Unable to load dynamic library 'php_oci8_12c.dll' (tried: ext\php_oci8_12c.dll (Не найден указанный модуль.), ext\php_php_oci8_12c.dll.dll (Не найден указанный модуль.)) in Unknown on line 0
[29-Jun-2018 13:31:26 UTC] PHP Warning:  PHP Startup: Unable to load dynamic library 'php_pdflib.dll' (tried: ext\php_pdflib.dll (Не найден указанный модуль.), ext\php_php_pdflib.dll.dll (Не найден указанный модуль.)) in Unknown on line 0
[29-Jun-2018 13:31:26 UTC] PHP Warning:  PHP Startup: Unable to load dynamic library 'php_pdo_oci.dll' (tried: ext\php_pdo_oci.dll (Не найден указанный модуль.), ext\php_php_pdo_oci.dll.dll (Не найден указанный модуль.)) in Unknown on line 0
[29-Jun-2018 13:31:26 UTC] PHP Warning:  PHP Startup: Unable to load dynamic library 'php_wincache.dll' (tried: ext\php_wincache.dll (Не найден указанный модуль.), ext\php_php_wincache.dll.dll (Не найден указанный модуль.)) in Unknown on line 0
